nohup: ignoring input

  .   ____          _            __ _ _
 /\\ / ___'_ __ _ _(_)_ __  __ _ \ \ \ \
( ( )\___ | '_ | '_| | '_ \/ _` | \ \ \ \
 \\/  ___)| |_)| | | | | || (_| |  ) ) ) )
  '  |____| .__|_| |_|_| |_\__, | / / / /
 =========|_|==============|___/=/_/_/_/

 :: Spring Boot ::                (v3.5.5)

2025-10-05T15:36:30.405+07:00  INFO 201823 --- [331-backend] [           main] se331.lab.Application                    : Starting Application v0.0.1-SNAPSHOT using Java 21.0.8 with PID 201823 (/home/prab/Documents/CMU/ComponentBasedSoftware/331-Backend/target/lab-0.0.1-SNAPSHOT.jar started by prab in /home/prab/Documents/CMU/ComponentBasedSoftware/331-Backend)
2025-10-05T15:36:30.408+07:00  INFO 201823 --- [331-backend] [           main] se331.lab.Application                    : The following 1 profile is active: "db"
2025-10-05T15:36:31.061+07:00  INFO 201823 --- [331-backend] [           main] .s.d.r.c.RepositoryConfigurationDelegate : Bootstrapping Spring Data JPA repositories in DEFAULT mode.
2025-10-05T15:36:31.148+07:00  INFO 201823 --- [331-backend] [           main] .s.d.r.c.RepositoryConfigurationDelegate : Finished Spring Data repository scanning in 79 ms. Found 8 JPA repository interfaces.
2025-10-05T15:36:31.622+07:00  INFO 201823 --- [331-backend] [           main] o.s.b.w.embedded.tomcat.TomcatWebServer  : Tomcat initialized with port 8080 (http)
2025-10-05T15:36:31.636+07:00  INFO 201823 --- [331-backend] [           main] o.apache.catalina.core.StandardService   : Starting service [Tomcat]
2025-10-05T15:36:31.636+07:00  INFO 201823 --- [331-backend] [           main] o.apache.catalina.core.StandardEngine    : Starting Servlet engine: [Apache Tomcat/10.1.44]
2025-10-05T15:36:31.662+07:00  INFO 201823 --- [331-backend] [           main] o.a.c.c.C.[Tomcat].[localhost].[/]       : Initializing Spring embedded WebApplicationContext
2025-10-05T15:36:31.663+07:00  INFO 201823 --- [331-backend] [           main] w.s.c.ServletWebServerApplicationContext : Root WebApplicationContext: initialization completed in 1221 ms
2025-10-05T15:36:31.797+07:00  INFO 201823 --- [331-backend] [           main] o.hibernate.jpa.internal.util.LogHelper  : HHH000204: Processing PersistenceUnitInfo [name: default]
2025-10-05T15:36:31.864+07:00  INFO 201823 --- [331-backend] [           main] org.hibernate.Version                    : HHH000412: Hibernate ORM core version 6.6.26.Final
2025-10-05T15:36:31.911+07:00  INFO 201823 --- [331-backend] [           main] o.h.c.internal.RegionFactoryInitiator    : HHH000026: Second-level cache disabled
2025-10-05T15:36:32.183+07:00  INFO 201823 --- [331-backend] [           main] o.s.o.j.p.SpringPersistenceUnitInfo      : No LoadTimeWeaver setup: ignoring JPA class transformer
2025-10-05T15:36:32.227+07:00  INFO 201823 --- [331-backend] [           main] com.zaxxer.hikari.HikariDataSource       : HikariPool-1 - Starting...
2025-10-05T15:36:32.388+07:00  INFO 201823 --- [331-backend] [           main] com.zaxxer.hikari.pool.HikariPool        : HikariPool-1 - Added connection com.mysql.cj.jdbc.ConnectionImpl@50f3ba6a
2025-10-05T15:36:32.390+07:00  INFO 201823 --- [331-backend] [           main] com.zaxxer.hikari.HikariDataSource       : HikariPool-1 - Start completed.
2025-10-05T15:36:32.429+07:00  WARN 201823 --- [331-backend] [           main] org.hibernate.orm.deprecation            : HHH90000025: MySQLDialect does not need to be specified explicitly using 'hibernate.dialect' (remove the property setting and it will be selected by default)
2025-10-05T15:36:32.449+07:00  INFO 201823 --- [331-backend] [           main] org.hibernate.orm.connections.pooling    : HHH10001005: Database info:
	Database JDBC URL [Connecting through datasource 'HikariDataSource (HikariPool-1)']
	Database driver: undefined/unknown
	Database version: 9.4
	Autocommit mode: undefined/unknown
	Isolation level: undefined/unknown
	Minimum pool size: undefined/unknown
	Maximum pool size: undefined/unknown
2025-10-05T15:36:33.317+07:00  INFO 201823 --- [331-backend] [           main] o.h.e.t.j.p.i.JtaPlatformInitiator       : HHH000489: No JTA platform available (set 'hibernate.transaction.jta.platform' to enable JTA platform integration)
2025-10-05T15:36:33.845+07:00  INFO 201823 --- [331-backend] [           main] j.LocalContainerEntityManagerFactoryBean : Initialized JPA EntityManagerFactory for persistence unit 'default'
2025-10-05T15:36:34.082+07:00  INFO 201823 --- [331-backend] [           main] o.s.d.j.r.query.QueryEnhancerFactory     : Hibernate is in classpath; If applicable, HQL parser will be used.
ADC not available: Your default credentials were not found. To set up Application Default Credentials for your environment, see https://cloud.google.com/docs/authentication/external/set-up-adc.
Using classpath credentials: imageuploadcompo-7a4757918eb5.json
CloudStorageHelper initialized successfully
2025-10-05T15:36:35.136+07:00  INFO 201823 --- [331-backend] [           main] eAuthenticationProviderManagerConfigurer : Global AuthenticationManager configured with AuthenticationProvider bean with name authenticationProvider
2025-10-05T15:36:35.136+07:00  WARN 201823 --- [331-backend] [           main] r$InitializeUserDetailsManagerConfigurer : Global AuthenticationManager configured with an AuthenticationProvider bean. UserDetailsService beans will not be used by Spring Security for automatically configuring username/password login. Consider removing the AuthenticationProvider bean. Alternatively, consider using the UserDetailsService in a manually instantiated DaoAuthenticationProvider. If the current configuration is intentional, to turn off this warning, increase the logging level of 'org.springframework.security.config.annotation.authentication.configuration.InitializeUserDetailsBeanManagerConfigurer' to ERROR
2025-10-05T15:36:35.185+07:00  WARN 201823 --- [331-backend] [           main] JpaBaseConfiguration$JpaWebConfiguration : spring.jpa.open-in-view is enabled by default. Therefore, database queries may be performed during view rendering. Explicitly configure spring.jpa.open-in-view to disable this warning
2025-10-05T15:36:35.540+07:00  WARN 201823 --- [331-backend] [           main] o.s.s.c.a.web.builders.WebSecurity       : You are asking Spring Security to ignore Ant [pattern='/uploadImage', POST]. This is not recommended -- please use permitAll via HttpSecurity#authorizeHttpRequests instead.
2025-10-05T15:36:35.541+07:00  WARN 201823 --- [331-backend] [           main] o.s.s.c.a.web.builders.WebSecurity       : You are asking Spring Security to ignore Ant [pattern='/uploadFile', POST]. This is not recommended -- please use permitAll via HttpSecurity#authorizeHttpRequests instead.
2025-10-05T15:36:35.743+07:00  INFO 201823 --- [331-backend] [           main] o.s.b.w.embedded.tomcat.TomcatWebServer  : Tomcat started on port 8080 (http) with context path '/'
2025-10-05T15:36:35.753+07:00  INFO 201823 --- [331-backend] [           main] se331.lab.Application                    : Started Application in 5.747 seconds (process running for 6.093)
2025-10-05T15:36:44.729+07:00  INFO 201823 --- [331-backend] [nio-8080-exec-1] o.a.c.c.C.[Tomcat].[localhost].[/]       : Initializing Spring DispatcherServlet 'dispatcherServlet'
2025-10-05T15:36:44.729+07:00  INFO 201823 --- [331-backend] [nio-8080-exec-1] o.s.web.servlet.DispatcherServlet        : Initializing Servlet 'dispatcherServlet'
2025-10-05T15:36:44.731+07:00  INFO 201823 --- [331-backend] [nio-8080-exec-1] o.s.web.servlet.DispatcherServlet        : Completed initialization in 2 ms
2025-10-05T15:40:53.219+07:00  INFO 201823 --- [331-backend] [io-8080-exec-10] s.l.s.config.JwtAuthenticationFilter     : Processing JWT for path: /auction-items, token: eyJhbGciOiJIUzI1NiJ9...
2025-10-05T15:40:53.241+07:00  INFO 201823 --- [331-backend] [io-8080-exec-10] s.l.s.config.JwtAuthenticationFilter     : Extracted username: admin
2025-10-05T15:40:53.259+07:00  INFO 201823 --- [331-backend] [io-8080-exec-10] s.l.s.config.JwtAuthenticationFilter     : User details loaded: admin, authorities: [ROLE_USER, ROLE_ADMIN]
2025-10-05T15:40:53.265+07:00  INFO 201823 --- [331-backend] [io-8080-exec-10] s.l.s.config.JwtAuthenticationFilter     : Token validation - expired: false, revoked: false, type: ACCESS, valid: true
2025-10-05T15:40:53.266+07:00  INFO 201823 --- [331-backend] [io-8080-exec-10] s.l.s.config.JwtAuthenticationFilter     : Token found in repository: true, JWT service validation: true
2025-10-05T15:40:53.267+07:00  INFO 201823 --- [331-backend] [io-8080-exec-10] s.l.s.config.JwtAuthenticationFilter     : Roles extracted from JWT: [ROLE_USER, ROLE_ADMIN], converted to authorities: [ROLE_USER, ROLE_ADMIN]
2025-10-05T15:40:53.267+07:00  INFO 201823 --- [331-backend] [io-8080-exec-10] s.l.s.config.JwtAuthenticationFilter     : Authentication set successfully with JWT authorities: [ROLE_USER, ROLE_ADMIN]
2025-10-05T15:46:00.123+07:00  INFO 201823 --- [331-backend] [ionShutdownHook] o.s.b.w.e.tomcat.GracefulShutdown        : Commencing graceful shutdown. Waiting for active requests to complete
2025-10-05T15:46:00.128+07:00  INFO 201823 --- [331-backend] [tomcat-shutdown] o.s.b.w.e.tomcat.GracefulShutdown        : Graceful shutdown complete
2025-10-05T15:46:00.134+07:00  INFO 201823 --- [331-backend] [ionShutdownHook] j.LocalContainerEntityManagerFactoryBean : Closing JPA EntityManagerFactory for persistence unit 'default'
2025-10-05T15:46:00.137+07:00  INFO 201823 --- [331-backend] [ionShutdownHook] com.zaxxer.hikari.HikariDataSource       : HikariPool-1 - Shutdown initiated...
2025-10-05T15:46:00.144+07:00  INFO 201823 --- [331-backend] [ionShutdownHook] com.zaxxer.hikari.HikariDataSource       : HikariPool-1 - Shutdown completed.
